<?xml version="1.0" encoding="UTF-8"?>
<testsuite name="SimpleLinkedListTest" tests="7" skipped="0" failures="0" errors="0" timestamp="2023-12-18T04:32:31" hostname="DESKTOP-CI133L3" time="0.135">
  <properties/>
  <testcase name="canReturnListAsArray" classname="SimpleLinkedListTest" time="0.103"/>
  <testcase name="reverseReversesList" classname="SimpleLinkedListTest" time="0.007"/>
  <testcase name="canCreateFromArray" classname="SimpleLinkedListTest" time="0.006"/>
  <testcase name="canReturnEmptyListAsEmptyArray" classname="SimpleLinkedListTest" time="0.001"/>
  <testcase name="popOnEmptyListWillThrow" classname="SimpleLinkedListTest" time="0.013"/>
  <testcase name="popReturnsLastAddedElement" classname="SimpleLinkedListTest" time="0.001"/>
  <testcase name="aNewListIsEmpty" classname="SimpleLinkedListTest" time="0.001"/>
  <system-out><![CDATA[]]></system-out>
  <system-err><![CDATA[]]></system-err>
</testsuite>
